From zsh-workers-return-11934-mason-zsh=primenet.com.au@sunsite.auc.dk Fri Jun 16 05:53:22 2000
Return-Path: <zsh-workers-return-11934-mason-zsh=primenet.com.au@sunsite.auc.dk>
Delivered-To: mason-zsh@primenet.com.au
Received: (qmail 1403 invoked from network); 16 Jun 2000 05:53:20 -0000
Received: from sunsite.auc.dk (130.225.51.30)
  by ns1.primenet.com.au with SMTP; 16 Jun 2000 05:53:20 -0000
Received: (qmail 28142 invoked by alias); 16 Jun 2000 05:53:13 -0000
Mailing-List: contact zsh-workers-help@sunsite.auc.dk; run by ezmlm
Precedence: bulk
X-No-Archive: yes
Delivered-To: mailing list zsh-workers@sunsite.auc.dk
X-Seq: 11934
Received: (qmail 28135 invoked from network); 16 Jun 2000 05:53:13 -0000
X-Envelope-Sender-Is: Andrej.Borsenkow@mow.siemens.ru (at relayer david.siemens.de)
From: "Andrej Borsenkow" <Andrej.Borsenkow@mow.siemens.ru>
To: "ZSH workers mailing list" <zsh-workers@sunsite.auc.dk>
Subject: make check errors
Date: Fri, 16 Jun 2000 09:53:10 +0400
Message-ID: <000201bfd757$27222920$21c9ca95@mow.siemens.ru>
MIME-Version: 1.0
Content-Type: text/plain;
	charset="koi8-r"
Content-Transfer-Encoding: 7bit
X-Priority: 3 (Normal)
X-MSMail-Priority: Normal
X-Mailer: Microsoft Outlook IMO, Build 9.0.2416 (9.0.2911.0)
X-MimeOLE: Produced By Microsoft MimeOLE V5.00.2919.6700
Importance: Normal

With current CVS (do not know yet which version it is :-) I get the
following errors (/etc/zshenv is empty, just for the case):

...
/tools/src/zsh/Test/52zregexparse.ztst: all tests successful.
*** /tmp/zsh.ztst.out.15493     Fri Jun 16 09:50:28 2000
--- /tmp/zsh.ztst.tout.15493    Fri Jun 16 09:50:28 2000
***************
*** 1,12 ****
- line: {: }{}
- DESCRIPTION:{file}
- DI:{dir1}
- DI:{dir2}
- FI:{file1}
- FI:{file2}
- line: {: dir1/}{}
- line: {: dir2/}{}
- line: {: file1}{}
- line: {: file2}{}
- line: {: dir1/}{}
- line: {: dir2/}{}
--- 0 ----
Test /tools/src/zsh/Test/53completion.ztst failed: output differs from
expected as shown above for:
  comptest $': \t\t\t\t\t\t\t'
Was testing: directories and files
/tools/src/zsh/Test/53completion.ztst: test failed.
*** /tmp/zsh.ztst.out.15532     Fri Jun 16 09:50:38 2000
--- /tmp/zsh.ztst.tout.15532    Fri Jun 16 09:50:38 2000
***************
*** 1,2 ****
- line: {tst }{}
- COMPADD:{_tst:compadd: unknown match specification character `z'}
--- 0 ----
Test /tools/src/zsh/Test/54compmatch.ztst failed: output differs from
expected as shown above for:
 test_code z: list1
 comptest  $'tst \t'
Was testing: Match Error for "z:"
/tools/src/zsh/Test/54compmatch.ztst: test failed.
gmake[1]: *** [check] Error 1
gmake[1]: Leaving directory `/tools/src/zsh-build/Test'
gmake: *** [check] Error 2
bor@itsrm2%

-andrej

Have a nice DOS!
B >>

